<?xml version="1.0" encoding="UTF-8"?>
<testsuite xmlns:xsi="http://www.w3.org/2001/XMLSchema-instance" xsi:noNamespaceSchemaLocation="https://maven.apache.org/surefire/maven-surefire-plugin/xsd/surefire-test-report-3.0.xsd" version="3.0" name="API.APITest" time="4.598" tests="2" errors="0" skipped="0" failures="0">
  <properties>
[...]
</properties>
  <testcase name="manipulationPetInToStore" classname="API.APITest" time="3.016">
    <system-out><![CDATA[
Создать питомца

⚡ API URL: petstore.swagger.io
♻ Redirect: false
🎯 Method: POST
🤖 Code: 200
⏳ Request processing: 314ms

📌 Headers: date: Tue, 28 Jun 2022 14:03:05 GMT
content-type: application/json
access-control-allow-origin: *
access-control-allow-methods: GET, POST, DELETE, PUT
access-control-allow-headers: Content-Type, api_key, Authorization
server: Jetty(9.2.9.v20150224)

📜 Body: {"id":998844770,"category":{"id":0,"name":"string"},"name":"TestGun","photoUrls":["string"],"tags":[{"id":0,"name":"string"}],"status":"available"}

Найти питомца

⚡ API URL: petstore.swagger.io
♻ Redirect: false
🎯 Method: GET
🤖 Code: 200
⏳ Request processing: 141ms

📌 Headers: date: Tue, 28 Jun 2022 14:03:06 GMT
content-type: application/json
access-control-allow-origin: *
access-control-allow-methods: GET, POST, DELETE, PUT
access-control-allow-headers: Content-Type, api_key, Authorization
server: Jetty(9.2.9.v20150224)

📜 Body: {"id":998844770,"category":{"id":0,"name":"string"},"name":"TestGun","photoUrls":["string"],"tags":[{"id":0,"name":"string"}],"status":"available"}

Переименовать питомца

⚡ API URL: petstore.swagger.io
♻ Redirect: false
🎯 Method: PUT
🤖 Code: 200
⏳ Request processing: 140ms

📌 Headers: date: Tue, 28 Jun 2022 14:03:06 GMT
content-type: application/json
access-control-allow-origin: *
access-control-allow-methods: GET, POST, DELETE, PUT
access-control-allow-headers: Content-Type, api_key, Authorization
server: Jetty(9.2.9.v20150224)

📜 Body: {"id":998844770,"category":{"id":0,"name":"string"},"name":"TestGunRename","photoUrls":["string"],"tags":[{"id":0,"name":"string"}],"status":"available"}

Изменить статус питомца

⚡ API URL: petstore.swagger.io
♻ Redirect: false
🎯 Method: POST
🤖 Code: 200
⏳ Request processing: 140ms

📌 Headers: date: Tue, 28 Jun 2022 14:03:06 GMT
content-type: application/json
access-control-allow-origin: *
access-control-allow-methods: GET, POST, DELETE, PUT
access-control-allow-headers: Content-Type, api_key, Authorization
server: Jetty(9.2.9.v20150224)

📜 Body: {"code":200,"type":"unknown","message":"998844770"}

Текущий статус питомца

⚡ API URL: petstore.swagger.io
♻ Redirect: false
🎯 Method: GET
🤖 Code: 200
⏳ Request processing: 156ms

📌 Headers: date: Tue, 28 Jun 2022 14:03:06 GMT
content-type: application/json
access-control-allow-origin: *
access-control-allow-methods: GET, POST, DELETE, PUT
access-control-allow-headers: Content-Type, api_key, Authorization
server: Jetty(9.2.9.v20150224)

📜 Body: {"id":998844770,"category":{"id":0,"name":"string"},"name":"TestGunRename","photoUrls":["string"],"tags":[{"id":0,"name":"string"}],"status":"sold"}

Удалить питомца

⚡ API URL: petstore.swagger.io
♻ Redirect: false
🎯 Method: DELETE
🤖 Code: 200
⏳ Request processing: 141ms

📌 Headers: date: Tue, 28 Jun 2022 14:03:06 GMT
content-type: application/json
access-control-allow-origin: *
access-control-allow-methods: GET, POST, DELETE, PUT
access-control-allow-headers: Content-Type, api_key, Authorization
server: Jetty(9.2.9.v20150224)

📜 Body: {"code":200,"type":"unknown","message":"998844770"}

Питомец больше не существует

⚡ API URL: petstore.swagger.io
♻ Redirect: false
🎯 Method: GET
🤖 Code: 404
⏳ Request processing: 140ms

📌 Headers: date: Tue, 28 Jun 2022 14:03:06 GMT
content-type: application/json
access-control-allow-origin: *
access-control-allow-methods: GET, POST, DELETE, PUT
access-control-allow-headers: Content-Type, api_key, Authorization
server: Jetty(9.2.9.v20150224)

📜 Body: {"code":1,"type":"error","message":"Pet not found"}
]]></system-out>
  </testcase>
  <testcase name="getPetInventoriesByStatus" classname="API.APITest" time="1.031">
    <system-out><![CDATA[
⚡ API URL: petstore.swagger.io
♻ Redirect: false
🎯 Method: GET
🤖 Code: 200
⏳ Request processing: 344ms

📌 Headers: date: Tue, 28 Jun 2022 14:03:08 GMT
content-type: application/json
access-control-allow-origin: *
access-control-allow-methods: GET, POST, DELETE, PUT
access-control-allow-headers: Content-Type, api_key, Authorization
server: Jetty(9.2.9.v20150224)

📜 Body: {"notavailable":1,"sold":5,"Sold":1,"string":334,"pending":4,"available":445,"connector_up":1,"active":1,"magna ea":1,"status":16}
]]></system-out>
  </testcase>
</testsuite>